[+] Containers:
 |- [+] Container: /Game/Maps/IceLevel
 |   |- [+] ActorDescs:
 |   |   |- Guid:00C4137942B666B05C30D5AF4064955B BaseClass: NativeClass:/Script/Engine.PainCausingVolume Name:PainCausingVolume_UAID_047C16DA93004AE601_1719041067 Label:PainCausingVolume SpatiallyLoaded:1 Bounds:IsValid=true, Min=(X=529.462 Y=2186.584 Z=10.371), Max=(X=729.462 Y=2386.584 Z=277.871) RuntimeGrid:None EditorOnly:0 RuntimeOnly:0 HLODRelevant:0 ListedInSceneOutliner:1 IsMainWorldOnly:0 FolderPath:Ice Spikes FolderGuid:8BE96A1E4086294F40D63BB87A73C07C
 |   |   |- Guid:00D728034232A1B8860DF9AC16EB228D BaseClass: NativeClass:/Script/Engine.PainCausingVolume Name:PainCausingVolume_UAID_047C16DA93004BE601_1688016265 Label:PainCausingVolume2 SpatiallyLoaded:1 Bounds:IsValid=true, Min=(X=498.139 Y=3446.308 Z=417.820), Max=(X=698.139 Y=3646.308 Z=717.820) RuntimeGrid:None EditorOnly:0 RuntimeOnly:0 HLODRelevant:0 ListedInSceneOutliner:1 IsMainWorldOnly:0 FolderPath:Ice FolderGuid:9792578A4154CB1EA1F574954D81455B
 |   |   |- Guid:03F8D3224B1332CF9DD4D59D1C287B80 BaseClass: NativeClass:/Script/Engine.StaticMeshActor Name:StaticMeshActor_UAID_047C16DA93004BE601_1852128271 Label:IceSpikes3 SpatiallyLoaded:1 Bounds:IsValid=true, Min=(X=3066.725 Y=922.613 Z=411.098), Max=(X=3230.662 Y=1096.450 Z=729.489) RuntimeGrid:None EditorOnly:0 RuntimeOnly:0 HLODRelevant:1 ListedInSceneOutliner:1 IsMainWorldOnly:0 FolderPath:Ice FolderGuid:9792578A4154CB1EA1F574954D81455B
 |   |   |- Guid:07FAE381430CF4F84B42D89D135DC88F BaseClass: NativeClass:/Script/Engine.StaticMeshActor Name:StaticMeshActor_UAID_047C16DA93005EE301_2083275439 Label:Snowman SpatiallyLoaded:1 Bounds:IsValid=true, Min=(X=592.502 Y=1031.727 Z=408.560), Max=(X=688.622 Y=1211.256 Z=604.099) RuntimeGrid:None EditorOnly:0 RuntimeOnly:0 HLODRelevant:1 ListedInSceneOutliner:1 IsMainWorldOnly:0
 |   |   |- Guid:08E15B0A4658229DFC5669A2F0A4FE4B BaseClass:/Game/ThirdPerson/Blueprints/BP_IceGolem.BP_IceGolem_C NativeClass:/Script/Engine.Character Name:BP_IceGolem_C_UAID_047C16DA9300E9E601_1981020051 Label:BP_IceGolem3 SpatiallyLoaded:1 Bounds:IsValid=true, Min=(X=1626.751 Y=743.377 Z=412.240), Max=(X=1876.751 Y=1028.170 Z=667.320) RuntimeGrid:None EditorOnly:0 RuntimeOnly:0 HLODRelevant:0 ListedInSceneOutliner:1 IsMainWorldOnly:0
 |   |   |- Guid:0F064B0B45A676EA89C450B866380A09 BaseClass:/Game/ThirdPerson/Blueprints/BP_IceGolem.BP_IceGolem_C NativeClass:/Script/Engine.Character Name:BP_IceGolem_C_UAID_047C16DA9300E9E601_1995728058 Label:BP_IceGolem10 SpatiallyLoaded:1 Bounds:IsValid=true, Min=(X=783.807 Y=4222.103 Z=412.239), Max=(X=1033.807 Y=4506.895 Z=667.320) RuntimeGrid:None EditorOnly:0 RuntimeOnly:0 HLODRelevant:0 ListedInSceneOutliner:1 IsMainWorldOnly:0
 |   |   |- Guid:1445B99949E6CC08D967A5BCACB38C65 BaseClass: NativeClass:/Script/Engine.StaticMeshActor Name:StaticMeshActor_1 Label:SM_Cube SpatiallyLoaded:1 Bounds:IsValid=true, Min=(X=5.083 Y=-287.014 Z=-100.000), Max=(X=5005.083 Y=5787.986 Z=0.000) RuntimeGrid:None EditorOnly:0 RuntimeOnly:0 HLODRelevant:1 ListedInSceneOutliner:1 IsMainWorldOnly:0 FolderPath:Playground FolderGuid:C73F09FC4215536B1DCE2A9E0A830C70
 |   |   |- Guid:16DD701440C6F5F0D6A19AA33A6AC4DB BaseClass: NativeClass:/Script/Engine.DirectionalLight Name:DirectionalLight_0 Label:DirectionalLight SpatiallyLoaded:0 Bounds:IsValid=true, Min=(X=-4398046511104.000 Y=-4398046511104.000 Z=-4398046511104.000), Max=(X=4398046511104.000 Y=4398046511104.000 Z=4398046511104.000) RuntimeGrid:None EditorOnly:0 RuntimeOnly:0 HLODRelevant:0 ListedInSceneOutliner:1 IsMainWorldOnly:0 FolderPath:Lighting FolderGuid:963EC3EB4002CCE9759E2EBA541A873A
 |   |   |- Guid:1A05B2C3497539D816F7D5BC10F7F0B8 BaseClass: NativeClass:/Script/Engine.StaticMeshActor Name:StaticMeshActor_UAID_A4AE111137DC5EFB00_1110535423 Label:SM_SkySphere SpatiallyLoaded:0 Bounds:IsValid=true, Min=(X=-1638400.000 Y=-1638400.000 Z=-1638400.000), Max=(X=1638400.000 Y=1638400.000 Z=1638400.000) RuntimeGrid:None EditorOnly:0 RuntimeOnly:0 HLODRelevant:1 ListedInSceneOutliner:1 IsMainWorldOnly:0 FolderPath:Lighting FolderGuid:963EC3EB4002CCE9759E2EBA541A873A
 |   |   |- Guid:1A3312F84849D147EC3ADBB6CB724C33 BaseClass:/Game/ThirdPerson/Blueprints/BP_IceGolem.BP_IceGolem_C NativeClass:/Script/Engine.Character Name:BP_IceGolem_C_UAID_047C16DA9300E9E601_1994373057 Label:BP_IceGolem9 SpatiallyLoaded:1 Bounds:IsValid=true, Min=(X=1212.671 Y=3540.123 Z=412.239), Max=(X=1462.671 Y=3824.916 Z=667.320) RuntimeGrid:None EditorOnly:0 RuntimeOnly:0 HLODRelevant:0 ListedInSceneOutliner:1 IsMainWorldOnly:0
 |   |   |- Guid:21E2356A49BEBBCA34E36F9653F17015 BaseClass: NativeClass:/Script/Engine.StaticMeshActor Name:StaticMeshActor_UAID_047C16DA93004BE601_1597279264 Label:IceSpikes SpatiallyLoaded:1 Bounds:IsValid=true, Min=(X=518.580 Y=3456.548 Z=411.098), Max=(X=682.517 Y=3630.385 Z=729.489) RuntimeGrid:None EditorOnly:0 RuntimeOnly:0 HLODRelevant:1 ListedInSceneOutliner:1 IsMainWorldOnly:0 FolderPath:Ice FolderGuid:9792578A4154CB1EA1F574954D81455B
 |   |   |- Guid:30FED26440BC71BA8FA50D8531201AE2 BaseClass:/Game/ThirdPerson/Blueprints/BP_IceGolem.BP_IceGolem_C NativeClass:/Script/Engine.Character Name:BP_IceGolem_C_UAID_047C16DA9300E9E601_1969320050 Label:BP_IceGolem2 SpatiallyLoaded:1 Bounds:IsValid=true, Min=(X=1955.110 Y=3453.642 Z=512.239), Max=(X=2239.902 Y=3703.642 Z=767.320) RuntimeGrid:None EditorOnly:0 RuntimeOnly:0 HLODRelevant:0 ListedInSceneOutliner:1 IsMainWorldOnly:0
 |   |   |- Guid:36E984634E1EB75E7103A3A56740C932 BaseClass: NativeClass:/Script/Engine.StaticMeshActor Name:StaticMeshActor_UAID_047C16DA93004BE601_1866074277 Label:IceSpikes5 SpatiallyLoaded:1 Bounds:IsValid=true, Min=(X=3561.456 Y=4125.602 Z=411.099), Max=(X=3725.394 Y=4299.439 Z=729.489) RuntimeGrid:None EditorOnly:0 RuntimeOnly:0 HLODRelevant:1 ListedInSceneOutliner:1 IsMainWorldOnly:0 FolderPath:Ice FolderGuid:9792578A4154CB1EA1F574954D81455B
 |   |   |- Guid:37BEF95447C8CA38356DFC9C9A04E2E5 BaseClass: NativeClass:/Script/Engine.StaticMeshActor Name:StaticMeshActor_UAID_047C16DA93004AE601_1604906065 Label:ice_spike4 SpatiallyLoaded:1 Bounds:IsValid=true, Min=(X=618.674 Y=2250.759 Z=-30.882), Max=(X=736.657 Y=2320.559 Z=182.409) RuntimeGrid:None EditorOnly:0 RuntimeOnly:0 HLODRelevant:1 ListedInSceneOutliner:1 IsMainWorldOnly:0 FolderPath:Ice Spikes FolderGuid:8BE96A1E4086294F40D63BB87A73C07C
 |   |   |- Guid:3872D1E9479BF7F2ADD4409AEFC9C423 BaseClass: NativeClass:/Script/Engine.PainCausingVolume Name:PainCausingVolume_UAID_047C16DA93004BE601_1858015276 Label:PainCausingVolume5 SpatiallyLoaded:1 Bounds:IsValid=true, Min=(X=3541.016 Y=2822.884 Z=417.820), Max=(X=3741.016 Y=3022.884 Z=717.820) RuntimeGrid:None EditorOnly:0 RuntimeOnly:0 HLODRelevant:0 ListedInSceneOutliner:1 IsMainWorldOnly:0 FolderPath:Ice FolderGuid:9792578A4154CB1EA1F574954D81455B
 |   |   |- Guid:4572B9E54DB1F28538C0D9B33909F311 BaseClass:/Game/ThirdPerson/Blueprints/BP_IceGolem.BP_IceGolem_C NativeClass:/Script/Engine.Character Name:BP_IceGolem_C_UAID_047C16DA9300E9E601_1984449053 Label:BP_IceGolem5 SpatiallyLoaded:1 Bounds:IsValid=true, Min=(X=2179.774 Y=2199.698 Z=412.239), Max=(X=2429.774 Y=2484.490 Z=667.320) RuntimeGrid:None EditorOnly:0 RuntimeOnly:0 HLODRelevant:0 ListedInSceneOutliner:1 IsMainWorldOnly:0
 |   |   |- Guid:49EB78BB4E82CAE2F9E2DDB61A683C86 BaseClass: NativeClass:/Script/Engine.PlayerStart Name:PlayerStart_0 Label:PlayerStart SpatiallyLoaded:0 Bounds:IsValid=true, Min=(X=-671.169 Y=2753.259 Z=251.528), Max=(X=-591.169 Y=2833.259 Z=435.528) RuntimeGrid:None EditorOnly:0 RuntimeOnly:0 HLODRelevant:0 ListedInSceneOutliner:1 IsMainWorldOnly:0
 |   |   |- Guid:4A6414FC4A60BC6B6B9E29951706D50C BaseClass: NativeClass:/Script/Engine.StaticMeshActor Name:StaticMeshActor_UAID_047C16DA93004AE601_2144256087 Label:SM_Cube3 SpatiallyLoaded:1 Bounds:IsValid=true, Min=(X=-1967.917 Y=1801.960 Z=-100.000), Max=(X=7.083 Y=3326.960 Z=-0.000) RuntimeGrid:None EditorOnly:0 RuntimeOnly:0 HLODRelevant:1 ListedInSceneOutliner:1 IsMainWorldOnly:0 FolderPath:Playground FolderGuid:C73F09FC4215536B1DCE2A9E0A830C70
 |   |   |- Guid:522DE24042182ECDD6FFD3B433C9FCB0 BaseClass: NativeClass:/Script/Engine.StaticMeshActor Name:StaticMeshActor_UAID_047C16DA93004AE601_1640364066 Label:ice_spike5 SpatiallyLoaded:1 Bounds:IsValid=true, Min=(X=600.759 Y=2173.444 Z=-31.452), Max=(X=670.559 Y=2291.426 Z=181.839) RuntimeGrid:None EditorOnly:0 RuntimeOnly:0 HLODRelevant:1 ListedInSceneOutliner:1 IsMainWorldOnly:0 FolderPath:Ice Spikes FolderGuid:8BE96A1E4086294F40D63BB87A73C07C
 |   |   |- Guid:5588FE6347803E95E32E21B234C5D475 BaseClass: NativeClass:/Script/Engine.PainCausingVolume Name:PainCausingVolume_UAID_047C16DA93004BE601_1866077279 Label:PainCausingVolume6 SpatiallyLoaded:1 Bounds:IsValid=true, Min=(X=3541.016 Y=4115.362 Z=417.820), Max=(X=3741.016 Y=4315.362 Z=717.820) RuntimeGrid:None EditorOnly:0 RuntimeOnly:0 HLODRelevant:0 ListedInSceneOutliner:1 IsMainWorldOnly:0 FolderPath:Ice FolderGuid:9792578A4154CB1EA1F574954D81455B
 |   |   |- Guid:55F9413040E2CA21A3E7DE90F55B4C83 BaseClass: NativeClass:/Script/Engine.StaticMeshActor Name:StaticMeshActor_UAID_047C16DA93004BE601_1858011274 Label:IceSpikes4 SpatiallyLoaded:1 Bounds:IsValid=true, Min=(X=3561.456 Y=2833.125 Z=411.098), Max=(X=3725.394 Y=3006.961 Z=729.489) RuntimeGrid:None EditorOnly:0 RuntimeOnly:0 HLODRelevant:1 ListedInSceneOutliner:1 IsMainWorldOnly:0 FolderPath:Ice FolderGuid:9792578A4154CB1EA1F574954D81455B
 |   |   |- Guid:5F749D854EA7FD2A1835A1AAB01589ED BaseClass: NativeClass:/Script/Engine.StaticMeshActor Name:StaticMeshActor_UAID_047C16DA93004AE601_1555021063 Label:ice_spike2 SpatiallyLoaded:1 Bounds:IsValid=true, Min=(X=523.544 Y=2249.441 Z=-32.022), Max=(X=641.527 Y=2319.241 Z=181.269) RuntimeGrid:None EditorOnly:0 RuntimeOnly:0 HLODRelevant:1 ListedInSceneOutliner:1 IsMainWorldOnly:0 FolderPath:Ice Spikes FolderGuid:8BE96A1E4086294F40D63BB87A73C07C
 |   |   |- Guid:616747E64CC37722D3925C830DCF319F BaseClass: NativeClass:/Script/Engine.StaticMeshActor Name:StaticMeshActor_UAID_047C16DA930062E301_1832862185 Label:Cube SpatiallyLoaded:1 Bounds:IsValid=true, Min=(X=1967.473 Y=3485.564 Z=417.320), Max=(X=2217.473 Y=3685.564 Z=517.320) RuntimeGrid:None EditorOnly:0 RuntimeOnly:0 HLODRelevant:1 ListedInSceneOutliner:1 IsMainWorldOnly:0
 |   |   |- Guid:68A5F3BE460AAEA4275E1195781890CE BaseClass: NativeClass:/Script/Engine.StaticMeshActor Name:StaticMeshActor_UAID_047C16DA93004AE601_2080191086 Label:SM_Cube2 SpatiallyLoaded:1 Bounds:IsValid=true, Min=(X=5002.880 Y=1801.960 Z=-100.000), Max=(X=6977.880 Y=3326.960 Z=-0.000) RuntimeGrid:None EditorOnly:0 RuntimeOnly:0 HLODRelevant:1 ListedInSceneOutliner:1 IsMainWorldOnly:0 FolderPath:Playground FolderGuid:C73F09FC4215536B1DCE2A9E0A830C70
 |   |   |- Guid:7180F8FD440E1631D817718D8E5C35C5 BaseClass: NativeClass:/Script/Engine.VolumetricCloud Name:VolumetricCloud_0 Label:VolumetricCloud SpatiallyLoaded:0 Bounds:IsValid=true, Min=(X=0.000 Y=0.000 Z=820.000), Max=(X=0.000 Y=0.000 Z=820.000) RuntimeGrid:None EditorOnly:0 RuntimeOnly:0 HLODRelevant:0 ListedInSceneOutliner:1 IsMainWorldOnly:0 FolderPath:Lighting FolderGuid:963EC3EB4002CCE9759E2EBA541A873A
 |   |   |- Guid:71C95F024C6FC3735916FFA8F8CA9E33 BaseClass: NativeClass:/Script/Engine.SkyLight Name:SkyLight_1 Label:SkyLight SpatiallyLoaded:0 Bounds:IsValid=true, Min=(X=0.000 Y=0.000 Z=690.000), Max=(X=0.000 Y=0.000 Z=690.000) RuntimeGrid:None EditorOnly:0 RuntimeOnly:0 HLODRelevant:0 ListedInSceneOutliner:1 IsMainWorldOnly:0 FolderPath:Lighting FolderGuid:963EC3EB4002CCE9759E2EBA541A873A
 |   |   |- Guid:77ED135A4556D69C80C1B194530530B5 BaseClass: NativeClass:/Script/Engine.StaticMeshActor Name:StaticMeshActor_UAID_047C16DA93004AE601_1577622064 Label:ice_spike3 SpatiallyLoaded:1 Bounds:IsValid=true, Min=(X=589.441 Y=2278.473 Z=-32.022), Max=(X=659.241 Y=2396.456 Z=181.269) RuntimeGrid:None EditorOnly:0 RuntimeOnly:0 HLODRelevant:1 ListedInSceneOutliner:1 IsMainWorldOnly:0 FolderPath:Ice Spikes FolderGuid:8BE96A1E4086294F40D63BB87A73C07C
 |   |   |- Guid:78EE124D4226C0816E377A8806063330 BaseClass: NativeClass:/Script/Engine.PainCausingVolume Name:PainCausingVolume_UAID_047C16DA93004BE601_1870326282 Label:PainCausingVolume7 SpatiallyLoaded:1 Bounds:IsValid=true, Min=(X=1337.322 Y=4115.362 Z=417.820), Max=(X=1537.322 Y=4315.362 Z=717.820) RuntimeGrid:None EditorOnly:0 RuntimeOnly:0 HLODRelevant:0 ListedInSceneOutliner:1 IsMainWorldOnly:0 FolderPath:Ice FolderGuid:9792578A4154CB1EA1F574954D81455B
 |   |   |- Guid:7AB17BF1407C1AEA151ECEB9AD148B35 BaseClass: NativeClass:/Script/Engine.StaticMeshActor Name:StaticMeshActor_UAID_047C16DA93004BE601_1870322280 Label:IceSpikes6 SpatiallyLoaded:1 Bounds:IsValid=true, Min=(X=1357.763 Y=4125.602 Z=411.099), Max=(X=1521.700 Y=4299.439 Z=729.489) RuntimeGrid:None EditorOnly:0 RuntimeOnly:0 HLODRelevant:1 ListedInSceneOutliner:1 IsMainWorldOnly:0 FolderPath:Ice FolderGuid:9792578A4154CB1EA1F574954D81455B
 |   |   |- Guid:84A061D743FD5B1D2A4B92A4D3683863 BaseClass: NativeClass:/Script/Engine.StaticMeshActor Name:StaticMeshActor_UAID_047C16DA930034E701_1165352250 Label:IceFieldTop SpatiallyLoaded:1 Bounds:IsValid=true, Min=(X=-1279.765 Y=-46.886 Z=780.036), Max=(X=6328.760 Y=5870.305 Z=1550.536) RuntimeGrid:None EditorOnly:0 RuntimeOnly:0 HLODRelevant:1 ListedInSceneOutliner:1 IsMainWorldOnly:0
 |   |   |- Guid:8563373142C38C522FFBD38AA384B1AD BaseClass: NativeClass:/Script/Engine.SkyAtmosphere Name:SkyAtmosphere_0 Label:SkyAtmosphere SpatiallyLoaded:0 Bounds:IsValid=true, Min=(X=0.000 Y=0.000 Z=1020.000), Max=(X=0.000 Y=0.000 Z=1020.000) RuntimeGrid:None EditorOnly:0 RuntimeOnly:0 HLODRelevant:0 ListedInSceneOutliner:1 IsMainWorldOnly:0 FolderPath:Lighting FolderGuid:963EC3EB4002CCE9759E2EBA541A873A
 |   |   |- Guid:8B103D0B44EEF79499B6A09F891E6A8E BaseClass:/Game/ThirdPerson/Blueprints/TundraCrystal.TundraCrystal_C NativeClass:/Script/Engine.Actor Name:TundraCrystal_C_UAID_047C16DA93009CE601_1507941501 Label:TundraCrystal SpatiallyLoaded:1 Bounds:IsValid=true, Min=(X=5541.257 Y=2406.159 Z=-163.387), Max=(X=6141.257 Y=3006.159 Z=436.613) RuntimeGrid:None EditorOnly:0 RuntimeOnly:0 HLODRelevant:0 ListedInSceneOutliner:1 IsMainWorldOnly:0
 |   |   |- Guid:9B6CC81A4DCBC3E7C9DB80B091ADF835 BaseClass: NativeClass:/Script/Engine.ExponentialHeightFog Name:ExponentialHeightFog_0 Label:ExponentialHeightFog SpatiallyLoaded:0 Bounds:IsValid=true, Min=(X=-5600.000 Y=-50.000 Z=-6850.000), Max=(X=-5600.000 Y=-50.000 Z=-6850.000) RuntimeGrid:None EditorOnly:0 RuntimeOnly:0 HLODRelevant:0 ListedInSceneOutliner:1 IsMainWorldOnly:0 FolderPath:Lighting FolderGuid:963EC3EB4002CCE9759E2EBA541A873A
 |   |   |- Guid:A75E25AC4697006D036A8885B9F31FA7 BaseClass:/Game/ThirdPerson/Blueprints/BP_IceGolem.BP_IceGolem_C NativeClass:/Script/Engine.Character Name:BP_IceGolem_C_UAID_047C16DA9300E9E601_1986069054 Label:BP_IceGolem6 SpatiallyLoaded:1 Bounds:IsValid=true, Min=(X=3661.960 Y=1338.009 Z=412.239), Max=(X=3911.960 Y=1622.801 Z=667.320) RuntimeGrid:None EditorOnly:0 RuntimeOnly:0 HLODRelevant:0 ListedInSceneOutliner:1 IsMainWorldOnly:0
 |   |   |- Guid:B0F925CC4BE5B2BAE825FF8A34FD1363 BaseClass: NativeClass:/Script/Engine.StaticMeshActor Name:StaticMeshActor_UAID_047C16DA93004BE601_1841130268 Label:IceSpikes2 SpatiallyLoaded:1 Bounds:IsValid=true, Min=(X=2329.699 Y=2834.307 Z=411.098), Max=(X=2493.636 Y=3008.144 Z=729.489) RuntimeGrid:None EditorOnly:0 RuntimeOnly:0 HLODRelevant:1 ListedInSceneOutliner:1 IsMainWorldOnly:0 FolderPath:Ice FolderGuid:9792578A4154CB1EA1F574954D81455B
 |   |   |- Guid:B82AFA3D49FADFF3F58397A79A7C583F BaseClass: NativeClass:/Script/Engine.StaticMeshActor Name:StaticMeshActor_UAID_047C16DA930033E701_1524661071 Label:IceFieldBottom SpatiallyLoaded:1 Bounds:IsValid=true, Min=(X=-1279.764 Y=-46.886 Z=9.536), Max=(X=6328.760 Y=5870.305 Z=780.036) RuntimeGrid:None EditorOnly:0 RuntimeOnly:0 HLODRelevant:1 ListedInSceneOutliner:1 IsMainWorldOnly:0
 |   |   |- Guid:B87877EB41973AB35EEE9AB75BF079CC BaseClass:/Game/ThirdPerson/Blueprints/BP_IceGolem.BP_IceGolem_C NativeClass:/Script/Engine.Character Name:BP_IceGolem_C_UAID_047C16DA9300E9E601_1982703052 Label:BP_IceGolem4 SpatiallyLoaded:1 Bounds:IsValid=true, Min=(X=1498.915 Y=1625.709 Z=412.240), Max=(X=1748.915 Y=1910.501 Z=667.320) RuntimeGrid:None EditorOnly:0 RuntimeOnly:0 HLODRelevant:0 ListedInSceneOutliner:1 IsMainWorldOnly:0
 |   |   |- Guid:C45D8CDC447B842426CF90A81A5FDE7A BaseClass: NativeClass:/Script/Engine.PostProcessVolume Name:PostProcessVolume_0 Label:PostProcessVolume SpatiallyLoaded:0 Bounds:IsValid=true, Min=(X=0.000 Y=0.000 Z=400.000), Max=(X=200.000 Y=200.000 Z=600.000) RuntimeGrid:None EditorOnly:0 RuntimeOnly:0 HLODRelevant:0 ListedInSceneOutliner:1 IsMainWorldOnly:0 FolderPath:Lighting FolderGuid:963EC3EB4002CCE9759E2EBA541A873A
 |   |   |- Guid:C490153249898CBAD7017584857FD840 BaseClass: NativeClass:/Script/Engine.StaticMeshActor Name:StaticMeshActor_UAID_047C16DA930034E701_1281386251 Label:SnowFloor SpatiallyLoaded:1 Bounds:IsValid=true, Min=(X=-1697.947 Y=-674.482 Z=-731.356), Max=(X=6358.013 Y=5936.417 Z=742.676) RuntimeGrid:None EditorOnly:0 RuntimeOnly:0 HLODRelevant:1 ListedInSceneOutliner:1 IsMainWorldOnly:0
 |   |   |- Guid:CDED1F2541F5733EC31B3C85B479D4EF BaseClass:/Game/ThirdPerson/Blueprints/BP_IceGolem.BP_IceGolem_C NativeClass:/Script/Engine.Character Name:BP_IceGolem_C_UAID_047C16DA9300E9E601_1956958049 Label:BP_IceGolem SpatiallyLoaded:1 Bounds:IsValid=true, Min=(X=703.098 Y=1350.738 Z=412.239), Max=(X=953.098 Y=1635.530 Z=667.320) RuntimeGrid:None EditorOnly:0 RuntimeOnly:0 HLODRelevant:0 ListedInSceneOutliner:1 IsMainWorldOnly:0
 |   |   |- Guid:DD769EB049766CEF702BA3872D69EF48 BaseClass: NativeClass:/Script/Engine.PainCausingVolume Name:PainCausingVolume_UAID_047C16DA93004BE601_1841134270 Label:PainCausingVolume3 SpatiallyLoaded:1 Bounds:IsValid=true, Min=(X=2307.942 Y=2824.067 Z=417.820), Max=(X=2507.942 Y=3024.067 Z=717.820) RuntimeGrid:None EditorOnly:0 RuntimeOnly:0 HLODRelevant:0 ListedInSceneOutliner:1 IsMainWorldOnly:0 FolderPath:Ice FolderGuid:9792578A4154CB1EA1F574954D81455B
 |   |   |- Guid:DF93981148E3643DD0770D9B9AE7C48D BaseClass: NativeClass:/Script/Engine.StaticMeshActor Name:StaticMeshActor_UAID_047C16DA93005FE301_1118480616 Label:ice_spike SpatiallyLoaded:1 Bounds:IsValid=true, Min=(X=593.324 Y=2239.302 Z=394.903), Max=(X=659.321 Y=2326.551 Z=708.349) RuntimeGrid:None EditorOnly:0 RuntimeOnly:0 HLODRelevant:1 ListedInSceneOutliner:1 IsMainWorldOnly:0 FolderPath:Ice Spikes FolderGuid:8BE96A1E4086294F40D63BB87A73C07C
 |   |   |- Guid:E6858719466642A793841A9B2C417274 BaseClass:/Game/ThirdPerson/Blueprints/BP_IceGolem.BP_IceGolem_C NativeClass:/Script/Engine.Character Name:BP_IceGolem_C_UAID_047C16DA9300E9E601_1993056056 Label:BP_IceGolem8 SpatiallyLoaded:1 Bounds:IsValid=true, Min=(X=2376.676 Y=4035.329 Z=412.239), Max=(X=2626.676 Y=4320.122 Z=667.320) RuntimeGrid:None EditorOnly:0 RuntimeOnly:0 HLODRelevant:0 ListedInSceneOutliner:1 IsMainWorldOnly:0
 |   |   |- Guid:E849AE414D2819356C0677B4F4619194 BaseClass:/Game/ThirdPerson/Blueprints/BP_IceGolem.BP_IceGolem_C NativeClass:/Script/Engine.Character Name:BP_IceGolem_C_UAID_047C16DA9300E9E601_1987885055 Label:BP_IceGolem7 SpatiallyLoaded:1 Bounds:IsValid=true, Min=(X=3657.653 Y=3476.248 Z=412.240), Max=(X=3907.653 Y=3761.041 Z=667.320) RuntimeGrid:None EditorOnly:0 RuntimeOnly:0 HLODRelevant:0 ListedInSceneOutliner:1 IsMainWorldOnly:0
 |   |   |- Guid:EE1E7EBC4EC377111F59269A983D21E5 BaseClass: NativeClass:/Script/Engine.WorldDataLayers Name:WorldDataLayers Label:WorldDataLayers SpatiallyLoaded:0 Bounds:Invalid RuntimeGrid:None EditorOnly:0 RuntimeOnly:0 HLODRelevant:0 ListedInSceneOutliner:1 IsMainWorldOnly:1
 |   |   |- Guid:F9B2498C44D81229AD439F9537676B1E BaseClass: NativeClass:/Script/Engine.PainCausingVolume Name:PainCausingVolume_UAID_047C16DA93004BE601_1852131273 Label:PainCausingVolume4 SpatiallyLoaded:1 Bounds:IsValid=true, Min=(X=3046.284 Y=912.373 Z=417.820), Max=(X=3246.284 Y=1112.373 Z=717.820) RuntimeGrid:None EditorOnly:0 RuntimeOnly:0 HLODRelevant:0 ListedInSceneOutliner:1 IsMainWorldOnly:0 FolderPath:Ice FolderGuid:9792578A4154CB1EA1F574954D81455B
 |   |- [+] Clusters:
 |   |   |- [+] [  0]
 |   |   |   |- Guid:00C4137942B666B05C30D5AF4064955B BaseClass: NativeClass:/Script/Engine.PainCausingVolume Name:PainCausingVolume_UAID_047C16DA93004AE601_1719041067 Label:PainCausingVolume SpatiallyLoaded:1 Bounds:IsValid=true, Min=(X=529.462 Y=2186.584 Z=10.371), Max=(X=729.462 Y=2386.584 Z=277.871) RuntimeGrid:None EditorOnly:0 RuntimeOnly:0 HLODRelevant:0 ListedInSceneOutliner:1 IsMainWorldOnly:0 FolderPath:Ice Spikes FolderGuid:8BE96A1E4086294F40D63BB87A73C07C
 |   |   |- [+] [  1]
 |   |   |   |- Guid:00D728034232A1B8860DF9AC16EB228D BaseClass: NativeClass:/Script/Engine.PainCausingVolume Name:PainCausingVolume_UAID_047C16DA93004BE601_1688016265 Label:PainCausingVolume2 SpatiallyLoaded:1 Bounds:IsValid=true, Min=(X=498.139 Y=3446.308 Z=417.820), Max=(X=698.139 Y=3646.308 Z=717.820) RuntimeGrid:None EditorOnly:0 RuntimeOnly:0 HLODRelevant:0 ListedInSceneOutliner:1 IsMainWorldOnly:0 FolderPath:Ice FolderGuid:9792578A4154CB1EA1F574954D81455B
 |   |   |- [+] [  2]
 |   |   |   |- Guid:03F8D3224B1332CF9DD4D59D1C287B80 BaseClass: NativeClass:/Script/Engine.StaticMeshActor Name:StaticMeshActor_UAID_047C16DA93004BE601_1852128271 Label:IceSpikes3 SpatiallyLoaded:1 Bounds:IsValid=true, Min=(X=3066.725 Y=922.613 Z=411.098), Max=(X=3230.662 Y=1096.450 Z=729.489) RuntimeGrid:None EditorOnly:0 RuntimeOnly:0 HLODRelevant:1 ListedInSceneOutliner:1 IsMainWorldOnly:0 FolderPath:Ice FolderGuid:9792578A4154CB1EA1F574954D81455B
 |   |   |- [+] [  3]
 |   |   |   |- Guid:07FAE381430CF4F84B42D89D135DC88F BaseClass: NativeClass:/Script/Engine.StaticMeshActor Name:StaticMeshActor_UAID_047C16DA93005EE301_2083275439 Label:Snowman SpatiallyLoaded:1 Bounds:IsValid=true, Min=(X=592.502 Y=1031.727 Z=408.560), Max=(X=688.622 Y=1211.256 Z=604.099) RuntimeGrid:None EditorOnly:0 RuntimeOnly:0 HLODRelevant:1 ListedInSceneOutliner:1 IsMainWorldOnly:0
 |   |   |- [+] [  4]
 |   |   |   |- Guid:08E15B0A4658229DFC5669A2F0A4FE4B BaseClass:/Game/ThirdPerson/Blueprints/BP_IceGolem.BP_IceGolem_C NativeClass:/Script/Engine.Character Name:BP_IceGolem_C_UAID_047C16DA9300E9E601_1981020051 Label:BP_IceGolem3 SpatiallyLoaded:1 Bounds:IsValid=true, Min=(X=1626.751 Y=743.377 Z=412.240), Max=(X=1876.751 Y=1028.170 Z=667.320) RuntimeGrid:None EditorOnly:0 RuntimeOnly:0 HLODRelevant:0 ListedInSceneOutliner:1 IsMainWorldOnly:0
 |   |   |- [+] [  5]
 |   |   |   |- Guid:0F064B0B45A676EA89C450B866380A09 BaseClass:/Game/ThirdPerson/Blueprints/BP_IceGolem.BP_IceGolem_C NativeClass:/Script/Engine.Character Name:BP_IceGolem_C_UAID_047C16DA9300E9E601_1995728058 Label:BP_IceGolem10 SpatiallyLoaded:1 Bounds:IsValid=true, Min=(X=783.807 Y=4222.103 Z=412.239), Max=(X=1033.807 Y=4506.895 Z=667.320) RuntimeGrid:None EditorOnly:0 RuntimeOnly:0 HLODRelevant:0 ListedInSceneOutliner:1 IsMainWorldOnly:0
 |   |   |- [+] [  6]
 |   |   |   |- Guid:1445B99949E6CC08D967A5BCACB38C65 BaseClass: NativeClass:/Script/Engine.StaticMeshActor Name:StaticMeshActor_1 Label:SM_Cube SpatiallyLoaded:1 Bounds:IsValid=true, Min=(X=5.083 Y=-287.014 Z=-100.000), Max=(X=5005.083 Y=5787.986 Z=0.000) RuntimeGrid:None EditorOnly:0 RuntimeOnly:0 HLODRelevant:1 ListedInSceneOutliner:1 IsMainWorldOnly:0 FolderPath:Playground FolderGuid:C73F09FC4215536B1DCE2A9E0A830C70
 |   |   |- [+] [  7]
 |   |   |   |- Guid:16DD701440C6F5F0D6A19AA33A6AC4DB BaseClass: NativeClass:/Script/Engine.DirectionalLight Name:DirectionalLight_0 Label:DirectionalLight SpatiallyLoaded:0 Bounds:IsValid=true, Min=(X=-4398046511104.000 Y=-4398046511104.000 Z=-4398046511104.000), Max=(X=4398046511104.000 Y=4398046511104.000 Z=4398046511104.000) RuntimeGrid:None EditorOnly:0 RuntimeOnly:0 HLODRelevant:0 ListedInSceneOutliner:1 IsMainWorldOnly:0 FolderPath:Lighting FolderGuid:963EC3EB4002CCE9759E2EBA541A873A
 |   |   |- [+] [  8]
 |   |   |   |- Guid:1A05B2C3497539D816F7D5BC10F7F0B8 BaseClass: NativeClass:/Script/Engine.StaticMeshActor Name:StaticMeshActor_UAID_A4AE111137DC5EFB00_1110535423 Label:SM_SkySphere SpatiallyLoaded:0 Bounds:IsValid=true, Min=(X=-1638400.000 Y=-1638400.000 Z=-1638400.000), Max=(X=1638400.000 Y=1638400.000 Z=1638400.000) RuntimeGrid:None EditorOnly:0 RuntimeOnly:0 HLODRelevant:1 ListedInSceneOutliner:1 IsMainWorldOnly:0 FolderPath:Lighting FolderGuid:963EC3EB4002CCE9759E2EBA541A873A
 |   |   |- [+] [  9]
 |   |   |   |- Guid:1A3312F84849D147EC3ADBB6CB724C33 BaseClass:/Game/ThirdPerson/Blueprints/BP_IceGolem.BP_IceGolem_C NativeClass:/Script/Engine.Character Name:BP_IceGolem_C_UAID_047C16DA9300E9E601_1994373057 Label:BP_IceGolem9 SpatiallyLoaded:1 Bounds:IsValid=true, Min=(X=1212.671 Y=3540.123 Z=412.239), Max=(X=1462.671 Y=3824.916 Z=667.320) RuntimeGrid:None EditorOnly:0 RuntimeOnly:0 HLODRelevant:0 ListedInSceneOutliner:1 IsMainWorldOnly:0
 |   |   |- [+] [ 10]
 |   |   |   |- Guid:21E2356A49BEBBCA34E36F9653F17015 BaseClass: NativeClass:/Script/Engine.StaticMeshActor Name:StaticMeshActor_UAID_047C16DA93004BE601_1597279264 Label:IceSpikes SpatiallyLoaded:1 Bounds:IsValid=true, Min=(X=518.580 Y=3456.548 Z=411.098), Max=(X=682.517 Y=3630.385 Z=729.489) RuntimeGrid:None EditorOnly:0 RuntimeOnly:0 HLODRelevant:1 ListedInSceneOutliner:1 IsMainWorldOnly:0 FolderPath:Ice FolderGuid:9792578A4154CB1EA1F574954D81455B
 |   |   |- [+] [ 11]
 |   |   |   |- Guid:30FED26440BC71BA8FA50D8531201AE2 BaseClass:/Game/ThirdPerson/Blueprints/BP_IceGolem.BP_IceGolem_C NativeClass:/Script/Engine.Character Name:BP_IceGolem_C_UAID_047C16DA9300E9E601_1969320050 Label:BP_IceGolem2 SpatiallyLoaded:1 Bounds:IsValid=true, Min=(X=1955.110 Y=3453.642 Z=512.239), Max=(X=2239.902 Y=3703.642 Z=767.320) RuntimeGrid:None EditorOnly:0 RuntimeOnly:0 HLODRelevant:0 ListedInSceneOutliner:1 IsMainWorldOnly:0
 |   |   |- [+] [ 12]
 |   |   |   |- Guid:36E984634E1EB75E7103A3A56740C932 BaseClass: NativeClass:/Script/Engine.StaticMeshActor Name:StaticMeshActor_UAID_047C16DA93004BE601_1866074277 Label:IceSpikes5 SpatiallyLoaded:1 Bounds:IsValid=true, Min=(X=3561.456 Y=4125.602 Z=411.099), Max=(X=3725.394 Y=4299.439 Z=729.489) RuntimeGrid:None EditorOnly:0 RuntimeOnly:0 HLODRelevant:1 ListedInSceneOutliner:1 IsMainWorldOnly:0 FolderPath:Ice FolderGuid:9792578A4154CB1EA1F574954D81455B
 |   |   |- [+] [ 13]
 |   |   |   |- Guid:37BEF95447C8CA38356DFC9C9A04E2E5 BaseClass: NativeClass:/Script/Engine.StaticMeshActor Name:StaticMeshActor_UAID_047C16DA93004AE601_1604906065 Label:ice_spike4 SpatiallyLoaded:1 Bounds:IsValid=true, Min=(X=618.674 Y=2250.759 Z=-30.882), Max=(X=736.657 Y=2320.559 Z=182.409) RuntimeGrid:None EditorOnly:0 RuntimeOnly:0 HLODRelevant:1 ListedInSceneOutliner:1 IsMainWorldOnly:0 FolderPath:Ice Spikes FolderGuid:8BE96A1E4086294F40D63BB87A73C07C
 |   |   |- [+] [ 14]
 |   |   |   |- Guid:3872D1E9479BF7F2ADD4409AEFC9C423 BaseClass: NativeClass:/Script/Engine.PainCausingVolume Name:PainCausingVolume_UAID_047C16DA93004BE601_1858015276 Label:PainCausingVolume5 SpatiallyLoaded:1 Bounds:IsValid=true, Min=(X=3541.016 Y=2822.884 Z=417.820), Max=(X=3741.016 Y=3022.884 Z=717.820) RuntimeGrid:None EditorOnly:0 RuntimeOnly:0 HLODRelevant:0 ListedInSceneOutliner:1 IsMainWorldOnly:0 FolderPath:Ice FolderGuid:9792578A4154CB1EA1F574954D81455B
 |   |   |- [+] [ 15]
 |   |   |   |- Guid:4572B9E54DB1F28538C0D9B33909F311 BaseClass:/Game/ThirdPerson/Blueprints/BP_IceGolem.BP_IceGolem_C NativeClass:/Script/Engine.Character Name:BP_IceGolem_C_UAID_047C16DA9300E9E601_1984449053 Label:BP_IceGolem5 SpatiallyLoaded:1 Bounds:IsValid=true, Min=(X=2179.774 Y=2199.698 Z=412.239), Max=(X=2429.774 Y=2484.490 Z=667.320) RuntimeGrid:None EditorOnly:0 RuntimeOnly:0 HLODRelevant:0 ListedInSceneOutliner:1 IsMainWorldOnly:0
 |   |   |- [+] [ 16]
 |   |   |   |- Guid:49EB78BB4E82CAE2F9E2DDB61A683C86 BaseClass: NativeClass:/Script/Engine.PlayerStart Name:PlayerStart_0 Label:PlayerStart SpatiallyLoaded:0 Bounds:IsValid=true, Min=(X=-671.169 Y=2753.259 Z=251.528), Max=(X=-591.169 Y=2833.259 Z=435.528) RuntimeGrid:None EditorOnly:0 RuntimeOnly:0 HLODRelevant:0 ListedInSceneOutliner:1 IsMainWorldOnly:0
 |   |   |- [+] [ 17]
 |   |   |   |- Guid:4A6414FC4A60BC6B6B9E29951706D50C BaseClass: NativeClass:/Script/Engine.StaticMeshActor Name:StaticMeshActor_UAID_047C16DA93004AE601_2144256087 Label:SM_Cube3 SpatiallyLoaded:1 Bounds:IsValid=true, Min=(X=-1967.917 Y=1801.960 Z=-100.000), Max=(X=7.083 Y=3326.960 Z=-0.000) RuntimeGrid:None EditorOnly:0 RuntimeOnly:0 HLODRelevant:1 ListedInSceneOutliner:1 IsMainWorldOnly:0 FolderPath:Playground FolderGuid:C73F09FC4215536B1DCE2A9E0A830C70
 |   |   |- [+] [ 18]
 |   |   |   |- Guid:522DE24042182ECDD6FFD3B433C9FCB0 BaseClass: NativeClass:/Script/Engine.StaticMeshActor Name:StaticMeshActor_UAID_047C16DA93004AE601_1640364066 Label:ice_spike5 SpatiallyLoaded:1 Bounds:IsValid=true, Min=(X=600.759 Y=2173.444 Z=-31.452), Max=(X=670.559 Y=2291.426 Z=181.839) RuntimeGrid:None EditorOnly:0 RuntimeOnly:0 HLODRelevant:1 ListedInSceneOutliner:1 IsMainWorldOnly:0 FolderPath:Ice Spikes FolderGuid:8BE96A1E4086294F40D63BB87A73C07C
 |   |   |- [+] [ 19]
 |   |   |   |- Guid:5588FE6347803E95E32E21B234C5D475 BaseClass: NativeClass:/Script/Engine.PainCausingVolume Name:PainCausingVolume_UAID_047C16DA93004BE601_1866077279 Label:PainCausingVolume6 SpatiallyLoaded:1 Bounds:IsValid=true, Min=(X=3541.016 Y=4115.362 Z=417.820), Max=(X=3741.016 Y=4315.362 Z=717.820) RuntimeGrid:None EditorOnly:0 RuntimeOnly:0 HLODRelevant:0 ListedInSceneOutliner:1 IsMainWorldOnly:0 FolderPath:Ice FolderGuid:9792578A4154CB1EA1F574954D81455B
 |   |   |- [+] [ 20]
 |   |   |   |- Guid:55F9413040E2CA21A3E7DE90F55B4C83 BaseClass: NativeClass:/Script/Engine.StaticMeshActor Name:StaticMeshActor_UAID_047C16DA93004BE601_1858011274 Label:IceSpikes4 SpatiallyLoaded:1 Bounds:IsValid=true, Min=(X=3561.456 Y=2833.125 Z=411.098), Max=(X=3725.394 Y=3006.961 Z=729.489) RuntimeGrid:None EditorOnly:0 RuntimeOnly:0 HLODRelevant:1 ListedInSceneOutliner:1 IsMainWorldOnly:0 FolderPath:Ice FolderGuid:9792578A4154CB1EA1F574954D81455B
 |   |   |- [+] [ 21]
 |   |   |   |- Guid:5F749D854EA7FD2A1835A1AAB01589ED BaseClass: NativeClass:/Script/Engine.StaticMeshActor Name:StaticMeshActor_UAID_047C16DA93004AE601_1555021063 Label:ice_spike2 SpatiallyLoaded:1 Bounds:IsValid=true, Min=(X=523.544 Y=2249.441 Z=-32.022), Max=(X=641.527 Y=2319.241 Z=181.269) RuntimeGrid:None EditorOnly:0 RuntimeOnly:0 HLODRelevant:1 ListedInSceneOutliner:1 IsMainWorldOnly:0 FolderPath:Ice Spikes FolderGuid:8BE96A1E4086294F40D63BB87A73C07C
 |   |   |- [+] [ 22]
 |   |   |   |- Guid:616747E64CC37722D3925C830DCF319F BaseClass: NativeClass:/Script/Engine.StaticMeshActor Name:StaticMeshActor_UAID_047C16DA930062E301_1832862185 Label:Cube SpatiallyLoaded:1 Bounds:IsValid=true, Min=(X=1967.473 Y=3485.564 Z=417.320), Max=(X=2217.473 Y=3685.564 Z=517.320) RuntimeGrid:None EditorOnly:0 RuntimeOnly:0 HLODRelevant:1 ListedInSceneOutliner:1 IsMainWorldOnly:0
 |   |   |- [+] [ 23]
 |   |   |   |- Guid:68A5F3BE460AAEA4275E1195781890CE BaseClass: NativeClass:/Script/Engine.StaticMeshActor Name:StaticMeshActor_UAID_047C16DA93004AE601_2080191086 Label:SM_Cube2 SpatiallyLoaded:1 Bounds:IsValid=true, Min=(X=5002.880 Y=1801.960 Z=-100.000), Max=(X=6977.880 Y=3326.960 Z=-0.000) RuntimeGrid:None EditorOnly:0 RuntimeOnly:0 HLODRelevant:1 ListedInSceneOutliner:1 IsMainWorldOnly:0 FolderPath:Playground FolderGuid:C73F09FC4215536B1DCE2A9E0A830C70
 |   |   |- [+] [ 24]
 |   |   |   |- Guid:7180F8FD440E1631D817718D8E5C35C5 BaseClass: NativeClass:/Script/Engine.VolumetricCloud Name:VolumetricCloud_0 Label:VolumetricCloud SpatiallyLoaded:0 Bounds:IsValid=true, Min=(X=0.000 Y=0.000 Z=820.000), Max=(X=0.000 Y=0.000 Z=820.000) RuntimeGrid:None EditorOnly:0 RuntimeOnly:0 HLODRelevant:0 ListedInSceneOutliner:1 IsMainWorldOnly:0 FolderPath:Lighting FolderGuid:963EC3EB4002CCE9759E2EBA541A873A
 |   |   |- [+] [ 25]
 |   |   |   |- Guid:71C95F024C6FC3735916FFA8F8CA9E33 BaseClass: NativeClass:/Script/Engine.SkyLight Name:SkyLight_1 Label:SkyLight SpatiallyLoaded:0 Bounds:IsValid=true, Min=(X=0.000 Y=0.000 Z=690.000), Max=(X=0.000 Y=0.000 Z=690.000) RuntimeGrid:None EditorOnly:0 RuntimeOnly:0 HLODRelevant:0 ListedInSceneOutliner:1 IsMainWorldOnly:0 FolderPath:Lighting FolderGuid:963EC3EB4002CCE9759E2EBA541A873A
 |   |   |- [+] [ 26]
 |   |   |   |- Guid:77ED135A4556D69C80C1B194530530B5 BaseClass: NativeClass:/Script/Engine.StaticMeshActor Name:StaticMeshActor_UAID_047C16DA93004AE601_1577622064 Label:ice_spike3 SpatiallyLoaded:1 Bounds:IsValid=true, Min=(X=589.441 Y=2278.473 Z=-32.022), Max=(X=659.241 Y=2396.456 Z=181.269) RuntimeGrid:None EditorOnly:0 RuntimeOnly:0 HLODRelevant:1 ListedInSceneOutliner:1 IsMainWorldOnly:0 FolderPath:Ice Spikes FolderGuid:8BE96A1E4086294F40D63BB87A73C07C
 |   |   |- [+] [ 27]
 |   |   |   |- Guid:78EE124D4226C0816E377A8806063330 BaseClass: NativeClass:/Script/Engine.PainCausingVolume Name:PainCausingVolume_UAID_047C16DA93004BE601_1870326282 Label:PainCausingVolume7 SpatiallyLoaded:1 Bounds:IsValid=true, Min=(X=1337.322 Y=4115.362 Z=417.820), Max=(X=1537.322 Y=4315.362 Z=717.820) RuntimeGrid:None EditorOnly:0 RuntimeOnly:0 HLODRelevant:0 ListedInSceneOutliner:1 IsMainWorldOnly:0 FolderPath:Ice FolderGuid:9792578A4154CB1EA1F574954D81455B
 |   |   |- [+] [ 28]
 |   |   |   |- Guid:7AB17BF1407C1AEA151ECEB9AD148B35 BaseClass: NativeClass:/Script/Engine.StaticMeshActor Name:StaticMeshActor_UAID_047C16DA93004BE601_1870322280 Label:IceSpikes6 SpatiallyLoaded:1 Bounds:IsValid=true, Min=(X=1357.763 Y=4125.602 Z=411.099), Max=(X=1521.700 Y=4299.439 Z=729.489) RuntimeGrid:None EditorOnly:0 RuntimeOnly:0 HLODRelevant:1 ListedInSceneOutliner:1 IsMainWorldOnly:0 FolderPath:Ice FolderGuid:9792578A4154CB1EA1F574954D81455B
 |   |   |- [+] [ 29]
 |   |   |   |- Guid:84A061D743FD5B1D2A4B92A4D3683863 BaseClass: NativeClass:/Script/Engine.StaticMeshActor Name:StaticMeshActor_UAID_047C16DA930034E701_1165352250 Label:IceFieldTop SpatiallyLoaded:1 Bounds:IsValid=true, Min=(X=-1279.765 Y=-46.886 Z=780.036), Max=(X=6328.760 Y=5870.305 Z=1550.536) RuntimeGrid:None EditorOnly:0 RuntimeOnly:0 HLODRelevant:1 ListedInSceneOutliner:1 IsMainWorldOnly:0
 |   |   |- [+] [ 30]
 |   |   |   |- Guid:8563373142C38C522FFBD38AA384B1AD BaseClass: NativeClass:/Script/Engine.SkyAtmosphere Name:SkyAtmosphere_0 Label:SkyAtmosphere SpatiallyLoaded:0 Bounds:IsValid=true, Min=(X=0.000 Y=0.000 Z=1020.000), Max=(X=0.000 Y=0.000 Z=1020.000) RuntimeGrid:None EditorOnly:0 RuntimeOnly:0 HLODRelevant:0 ListedInSceneOutliner:1 IsMainWorldOnly:0 FolderPath:Lighting FolderGuid:963EC3EB4002CCE9759E2EBA541A873A
 |   |   |- [+] [ 31]
 |   |   |   |- Guid:8B103D0B44EEF79499B6A09F891E6A8E BaseClass:/Game/ThirdPerson/Blueprints/TundraCrystal.TundraCrystal_C NativeClass:/Script/Engine.Actor Name:TundraCrystal_C_UAID_047C16DA93009CE601_1507941501 Label:TundraCrystal SpatiallyLoaded:1 Bounds:IsValid=true, Min=(X=5541.257 Y=2406.159 Z=-163.387), Max=(X=6141.257 Y=3006.159 Z=436.613) RuntimeGrid:None EditorOnly:0 RuntimeOnly:0 HLODRelevant:0 ListedInSceneOutliner:1 IsMainWorldOnly:0
 |   |   |- [+] [ 32]
 |   |   |   |- Guid:9B6CC81A4DCBC3E7C9DB80B091ADF835 BaseClass: NativeClass:/Script/Engine.ExponentialHeightFog Name:ExponentialHeightFog_0 Label:ExponentialHeightFog SpatiallyLoaded:0 Bounds:IsValid=true, Min=(X=-5600.000 Y=-50.000 Z=-6850.000), Max=(X=-5600.000 Y=-50.000 Z=-6850.000) RuntimeGrid:None EditorOnly:0 RuntimeOnly:0 HLODRelevant:0 ListedInSceneOutliner:1 IsMainWorldOnly:0 FolderPath:Lighting FolderGuid:963EC3EB4002CCE9759E2EBA541A873A
 |   |   |- [+] [ 33]
 |   |   |   |- Guid:A75E25AC4697006D036A8885B9F31FA7 BaseClass:/Game/ThirdPerson/Blueprints/BP_IceGolem.BP_IceGolem_C NativeClass:/Script/Engine.Character Name:BP_IceGolem_C_UAID_047C16DA9300E9E601_1986069054 Label:BP_IceGolem6 SpatiallyLoaded:1 Bounds:IsValid=true, Min=(X=3661.960 Y=1338.009 Z=412.239), Max=(X=3911.960 Y=1622.801 Z=667.320) RuntimeGrid:None EditorOnly:0 RuntimeOnly:0 HLODRelevant:0 ListedInSceneOutliner:1 IsMainWorldOnly:0
 |   |   |- [+] [ 34]
 |   |   |   |- Guid:B0F925CC4BE5B2BAE825FF8A34FD1363 BaseClass: NativeClass:/Script/Engine.StaticMeshActor Name:StaticMeshActor_UAID_047C16DA93004BE601_1841130268 Label:IceSpikes2 SpatiallyLoaded:1 Bounds:IsValid=true, Min=(X=2329.699 Y=2834.307 Z=411.098), Max=(X=2493.636 Y=3008.144 Z=729.489) RuntimeGrid:None EditorOnly:0 RuntimeOnly:0 HLODRelevant:1 ListedInSceneOutliner:1 IsMainWorldOnly:0 FolderPath:Ice FolderGuid:9792578A4154CB1EA1F574954D81455B
 |   |   |- [+] [ 35]
 |   |   |   |- Guid:B82AFA3D49FADFF3F58397A79A7C583F BaseClass: NativeClass:/Script/Engine.StaticMeshActor Name:StaticMeshActor_UAID_047C16DA930033E701_1524661071 Label:IceFieldBottom SpatiallyLoaded:1 Bounds:IsValid=true, Min=(X=-1279.764 Y=-46.886 Z=9.536), Max=(X=6328.760 Y=5870.305 Z=780.036) RuntimeGrid:None EditorOnly:0 RuntimeOnly:0 HLODRelevant:1 ListedInSceneOutliner:1 IsMainWorldOnly:0
 |   |   |- [+] [ 36]
 |   |   |   |- Guid:B87877EB41973AB35EEE9AB75BF079CC BaseClass:/Game/ThirdPerson/Blueprints/BP_IceGolem.BP_IceGolem_C NativeClass:/Script/Engine.Character Name:BP_IceGolem_C_UAID_047C16DA9300E9E601_1982703052 Label:BP_IceGolem4 SpatiallyLoaded:1 Bounds:IsValid=true, Min=(X=1498.915 Y=1625.709 Z=412.240), Max=(X=1748.915 Y=1910.501 Z=667.320) RuntimeGrid:None EditorOnly:0 RuntimeOnly:0 HLODRelevant:0 ListedInSceneOutliner:1 IsMainWorldOnly:0
 |   |   |- [+] [ 37]
 |   |   |   |- Guid:C45D8CDC447B842426CF90A81A5FDE7A BaseClass: NativeClass:/Script/Engine.PostProcessVolume Name:PostProcessVolume_0 Label:PostProcessVolume SpatiallyLoaded:0 Bounds:IsValid=true, Min=(X=0.000 Y=0.000 Z=400.000), Max=(X=200.000 Y=200.000 Z=600.000) RuntimeGrid:None EditorOnly:0 RuntimeOnly:0 HLODRelevant:0 ListedInSceneOutliner:1 IsMainWorldOnly:0 FolderPath:Lighting FolderGuid:963EC3EB4002CCE9759E2EBA541A873A
 |   |   |- [+] [ 38]
 |   |   |   |- Guid:C490153249898CBAD7017584857FD840 BaseClass: NativeClass:/Script/Engine.StaticMeshActor Name:StaticMeshActor_UAID_047C16DA930034E701_1281386251 Label:SnowFloor SpatiallyLoaded:1 Bounds:IsValid=true, Min=(X=-1697.947 Y=-674.482 Z=-731.356), Max=(X=6358.013 Y=5936.417 Z=742.676) RuntimeGrid:None EditorOnly:0 RuntimeOnly:0 HLODRelevant:1 ListedInSceneOutliner:1 IsMainWorldOnly:0
 |   |   |- [+] [ 39]
 |   |   |   |- Guid:CDED1F2541F5733EC31B3C85B479D4EF BaseClass:/Game/ThirdPerson/Blueprints/BP_IceGolem.BP_IceGolem_C NativeClass:/Script/Engine.Character Name:BP_IceGolem_C_UAID_047C16DA9300E9E601_1956958049 Label:BP_IceGolem SpatiallyLoaded:1 Bounds:IsValid=true, Min=(X=703.098 Y=1350.738 Z=412.239), Max=(X=953.098 Y=1635.530 Z=667.320) RuntimeGrid:None EditorOnly:0 RuntimeOnly:0 HLODRelevant:0 ListedInSceneOutliner:1 IsMainWorldOnly:0
 |   |   |- [+] [ 40]
 |   |   |   |- Guid:DD769EB049766CEF702BA3872D69EF48 BaseClass: NativeClass:/Script/Engine.PainCausingVolume Name:PainCausingVolume_UAID_047C16DA93004BE601_1841134270 Label:PainCausingVolume3 SpatiallyLoaded:1 Bounds:IsValid=true, Min=(X=2307.942 Y=2824.067 Z=417.820), Max=(X=2507.942 Y=3024.067 Z=717.820) RuntimeGrid:None EditorOnly:0 RuntimeOnly:0 HLODRelevant:0 ListedInSceneOutliner:1 IsMainWorldOnly:0 FolderPath:Ice FolderGuid:9792578A4154CB1EA1F574954D81455B
 |   |   |- [+] [ 41]
 |   |   |   |- Guid:DF93981148E3643DD0770D9B9AE7C48D BaseClass: NativeClass:/Script/Engine.StaticMeshActor Name:StaticMeshActor_UAID_047C16DA93005FE301_1118480616 Label:ice_spike SpatiallyLoaded:1 Bounds:IsValid=true, Min=(X=593.324 Y=2239.302 Z=394.903), Max=(X=659.321 Y=2326.551 Z=708.349) RuntimeGrid:None EditorOnly:0 RuntimeOnly:0 HLODRelevant:1 ListedInSceneOutliner:1 IsMainWorldOnly:0 FolderPath:Ice Spikes FolderGuid:8BE96A1E4086294F40D63BB87A73C07C
 |   |   |- [+] [ 42]
 |   |   |   |- Guid:E6858719466642A793841A9B2C417274 BaseClass:/Game/ThirdPerson/Blueprints/BP_IceGolem.BP_IceGolem_C NativeClass:/Script/Engine.Character Name:BP_IceGolem_C_UAID_047C16DA9300E9E601_1993056056 Label:BP_IceGolem8 SpatiallyLoaded:1 Bounds:IsValid=true, Min=(X=2376.676 Y=4035.329 Z=412.239), Max=(X=2626.676 Y=4320.122 Z=667.320) RuntimeGrid:None EditorOnly:0 RuntimeOnly:0 HLODRelevant:0 ListedInSceneOutliner:1 IsMainWorldOnly:0
 |   |   |- [+] [ 43]
 |   |   |   |- Guid:E849AE414D2819356C0677B4F4619194 BaseClass:/Game/ThirdPerson/Blueprints/BP_IceGolem.BP_IceGolem_C NativeClass:/Script/Engine.Character Name:BP_IceGolem_C_UAID_047C16DA9300E9E601_1987885055 Label:BP_IceGolem7 SpatiallyLoaded:1 Bounds:IsValid=true, Min=(X=3657.653 Y=3476.248 Z=412.240), Max=(X=3907.653 Y=3761.041 Z=667.320) RuntimeGrid:None EditorOnly:0 RuntimeOnly:0 HLODRelevant:0 ListedInSceneOutliner:1 IsMainWorldOnly:0
 |   |   |- [+] [ 44]
 |   |   |   |- Guid:EE1E7EBC4EC377111F59269A983D21E5 BaseClass: NativeClass:/Script/Engine.WorldDataLayers Name:WorldDataLayers Label:WorldDataLayers SpatiallyLoaded:0 Bounds:Invalid RuntimeGrid:None EditorOnly:0 RuntimeOnly:0 HLODRelevant:0 ListedInSceneOutliner:1 IsMainWorldOnly:1
 |   |   |- [+] [ 45]
 |   |   |   |- Guid:F9B2498C44D81229AD439F9537676B1E BaseClass: NativeClass:/Script/Engine.PainCausingVolume Name:PainCausingVolume_UAID_047C16DA93004BE601_1852131273 Label:PainCausingVolume4 SpatiallyLoaded:1 Bounds:IsValid=true, Min=(X=3046.284 Y=912.373 Z=417.820), Max=(X=3246.284 Y=1112.373 Z=717.820) RuntimeGrid:None EditorOnly:0 RuntimeOnly:0 HLODRelevant:0 ListedInSceneOutliner:1 IsMainWorldOnly:0 FolderPath:Ice FolderGuid:9792578A4154CB1EA1F574954D81455B
 |- ContainerInstances:
 |- [+] MainContainer:
 |   |-        ID: 00000000000000000000000000000000
 |   |-  ParentID: 00000000000000000000000000000000
 |   |-    Bounds: IsValid=false, Min=(X=0.000 Y=0.000 Z=0.000), Max=(X=0.000 Y=0.000 Z=0.000)
 |   |- Transform: 0.000000,0.000000,0.000000|0.000000,0.000000,-0.000000|1.000000,1.000000,1.000000
 |   |- Container: /Game/Maps/IceLevel
----------------------------------------------------------------------------------------------------------------
IceLevel - Persistent Level
----------------------------------------------------------------------------------------------------------------
[+] Content of IceLevel Persistent Level
 |- Always loaded Actor Count: 59 
 |- Actor Path: /Game/Maps/IceLevel.IceLevel:PersistentLevel.AbstractNavData-Default
 |- Actor Package: /Game/Maps/IceLevel
 |- Actor Path: /Game/Maps/IceLevel.IceLevel:PersistentLevel.BP_IceGolem_C_UAID_047C16DA9300E9E601_1956958049
 |- Actor Package: /Game/__ExternalActors__/Maps/IceLevel/7/VS/CW0FW9KFPC3Q1LLSYSHDUD
 |- Actor Path: /Game/Maps/IceLevel.IceLevel:PersistentLevel.BP_IceGolem_C_UAID_047C16DA9300E9E601_1969320050
 |- Actor Package: /Game/__ExternalActors__/Maps/IceLevel/9/ME/4XYQ48VNBPM1WFJJOUYJHL
 |- Actor Path: /Game/Maps/IceLevel.IceLevel:PersistentLevel.BP_IceGolem_C_UAID_047C16DA9300E9E601_1981020051
 |- Actor Package: /Game/__ExternalActors__/Maps/IceLevel/2/TH/BCKTVHY7NGMQSGNW6GGMN3
 |- Actor Path: /Game/Maps/IceLevel.IceLevel:PersistentLevel.BP_IceGolem_C_UAID_047C16DA9300E9E601_1982703052
 |- Actor Package: /Game/__ExternalActors__/Maps/IceLevel/F/4E/Z0LOE7G406DG3M1UGFZ60A
 |- Actor Path: /Game/Maps/IceLevel.IceLevel:PersistentLevel.BP_IceGolem_C_UAID_047C16DA9300E9E601_1984449053
 |- Actor Package: /Game/__ExternalActors__/Maps/IceLevel/2/H7/TUV71QM4XWPBH4GWYP8HXI
 |- Actor Path: /Game/Maps/IceLevel.IceLevel:PersistentLevel.BP_IceGolem_C_UAID_047C16DA9300E9E601_1986069054
 |- Actor Package: /Game/__ExternalActors__/Maps/IceLevel/6/NI/LXTWIW09QRY7KBE8AYNQMP
 |- Actor Path: /Game/Maps/IceLevel.IceLevel:PersistentLevel.BP_IceGolem_C_UAID_047C16DA9300E9E601_1987885055
 |- Actor Package: /Game/__ExternalActors__/Maps/IceLevel/5/K1/Y4P3TL8YZIGO6CTHOGO07R
 |- Actor Path: /Game/Maps/IceLevel.IceLevel:PersistentLevel.BP_IceGolem_C_UAID_047C16DA9300E9E601_1993056056
 |- Actor Package: /Game/__ExternalActors__/Maps/IceLevel/A/XG/96WOJTN6MQXVPLIPS4YEK6
 |- Actor Path: /Game/Maps/IceLevel.IceLevel:PersistentLevel.BP_IceGolem_C_UAID_047C16DA9300E9E601_1994373057
 |- Actor Package: /Game/__ExternalActors__/Maps/IceLevel/B/G3/D3CE2KF97RXYQ5V8D7TNBJ
 |- Actor Path: /Game/Maps/IceLevel.IceLevel:PersistentLevel.BP_IceGolem_C_UAID_047C16DA9300E9E601_1995728058
 |- Actor Package: /Game/__ExternalActors__/Maps/IceLevel/7/1Q/5PUG946P6CCAU36Y68UZ23
 |- Actor Path: /Game/Maps/IceLevel.IceLevel:PersistentLevel.Brush_0
 |- Actor Package: /Game/Maps/IceLevel
 |- Actor Path: /Game/Maps/IceLevel.IceLevel:PersistentLevel.DefaultPhysicsVolume_0
 |- Actor Package: /Game/Maps/IceLevel
 |- Actor Path: /Game/Maps/IceLevel.IceLevel:PersistentLevel.DirectionalLight_0
 |- Actor Package: /Game/__ExternalActors__/Maps/IceLevel/C/IB/P12B9YG85RFJDX5Z7LQNXK
 |- Actor Path: /Game/Maps/IceLevel.IceLevel:PersistentLevel.ExponentialHeightFog_0
 |- Actor Package: /Game/__ExternalActors__/Maps/IceLevel/9/C1/5QXF2H66T91ZUW2D5U87WN
 |- Actor Path: /Game/Maps/IceLevel.IceLevel:PersistentLevel.GameplayDebuggerPlayerManager_0
 |- Actor Package: /Game/Maps/IceLevel
 |- Actor Path: /Game/Maps/IceLevel.IceLevel:PersistentLevel.GroupActor_UAID_047C16DA93009BE601_1764459319
 |- Actor Package: /Game/__ExternalActors__/Maps/IceLevel/5/0R/BQT5VEHXG35XNSQUXYCHZA
 |- Actor Path: /Game/Maps/IceLevel.IceLevel:PersistentLevel.GroupActor_UAID_047C16DA93009BE601_1784078320
 |- Actor Package: /Game/__ExternalActors__/Maps/IceLevel/D/9R/WNZTQ04Y32GIMABUMV0NV6
 |- Actor Path: /Game/Maps/IceLevel.IceLevel:PersistentLevel.GroupActor_UAID_047C16DA93009BE601_1831877321
 |- Actor Package: /Game/__ExternalActors__/Maps/IceLevel/7/IE/BE85HH1XK9E81LAMYDNYIO
 |- Actor Path: /Game/Maps/IceLevel.IceLevel:PersistentLevel.GroupActor_UAID_047C16DA93009BE601_1847236322
 |- Actor Package: /Game/__ExternalActors__/Maps/IceLevel/9/12/HYLE2HPWWFBRJ0UIAQTLQH
 |- Actor Path: /Game/Maps/IceLevel.IceLevel:PersistentLevel.GroupActor_UAID_047C16DA93009BE601_1862350323
 |- Actor Package: /Game/__ExternalActors__/Maps/IceLevel/2/0K/54I0D99B01UUHXX0HHEIYL
 |- Actor Path: /Game/Maps/IceLevel.IceLevel:PersistentLevel.GroupActor_UAID_047C16DA93009BE601_1880463324
 |- Actor Package: /Game/__ExternalActors__/Maps/IceLevel/4/1S/FTCEOSH9MX1D6NDPJ1GQU2
 |- Actor Path: /Game/Maps/IceLevel.IceLevel:PersistentLevel.IceLevel_C_1
 |- Actor Package: /Game/Maps/IceLevel
 |- Actor Path: /Game/Maps/IceLevel.IceLevel:PersistentLevel.PainCausingVolume_UAID_047C16DA93004AE601_1719041067
 |- Actor Package: /Game/__ExternalActors__/Maps/IceLevel/6/QJ/SF725IXQ0QJXDD2XL2TK2L
 |- Actor Path: /Game/Maps/IceLevel.IceLevel:PersistentLevel.PainCausingVolume_UAID_047C16DA93004BE601_1688016265
 |- Actor Package: /Game/__ExternalActors__/Maps/IceLevel/5/FD/MYHZV20MWYISORWPDRPOA8
 |- Actor Path: /Game/Maps/IceLevel.IceLevel:PersistentLevel.PainCausingVolume_UAID_047C16DA93004BE601_1841134270
 |- Actor Package: /Game/__ExternalActors__/Maps/IceLevel/9/UK/D7VHD8OD7VCBOA2SZJNFYC
 |- Actor Path: /Game/Maps/IceLevel.IceLevel:PersistentLevel.PainCausingVolume_UAID_047C16DA93004BE601_1852131273
 |- Actor Package: /Game/__ExternalActors__/Maps/IceLevel/8/V6/OY77VPXC8G1KUO0J7PP1KS
 |- Actor Path: /Game/Maps/IceLevel.IceLevel:PersistentLevel.PainCausingVolume_UAID_047C16DA93004BE601_1858015276
 |- Actor Package: /Game/__ExternalActors__/Maps/IceLevel/9/S1/XHN8JVRMKCSVTWE5DBCX9P
 |- Actor Path: /Game/Maps/IceLevel.IceLevel:PersistentLevel.PainCausingVolume_UAID_047C16DA93004BE601_1866077279
 |- Actor Package: /Game/__ExternalActors__/Maps/IceLevel/C/0J/1MXBD5LOHOWZS16EM1F4LC
 |- Actor Path: /Game/Maps/IceLevel.IceLevel:PersistentLevel.PainCausingVolume_UAID_047C16DA93004BE601_1870326282
 |- Actor Package: /Game/__ExternalActors__/Maps/IceLevel/7/V8/0CO3KKJI5UPX97GOJYGAID
 |- Actor Path: /Game/Maps/IceLevel.IceLevel:PersistentLevel.PlayerStart_0
 |- Actor Package: /Game/__ExternalActors__/Maps/IceLevel/2/5T/FH1E7W6192F7O42EKK8CHS
 |- Actor Path: /Game/Maps/IceLevel.IceLevel:PersistentLevel.PostProcessVolume_0
 |- Actor Package: /Game/__ExternalActors__/Maps/IceLevel/7/WN/6TKNUDRTWIJSIT192NZIQV
 |- Actor Path: /Game/Maps/IceLevel.IceLevel:PersistentLevel.SkyAtmosphere_0
 |- Actor Package: /Game/__ExternalActors__/Maps/IceLevel/5/KR/32AYK4KZUZKQSZ3O14SRJH
 |- Actor Path: /Game/Maps/IceLevel.IceLevel:PersistentLevel.SkyLight_1
 |- Actor Package: /Game/__ExternalActors__/Maps/IceLevel/B/0E/G3546FRYKYN58ZXBLIPWW4
 |- Actor Path: /Game/Maps/IceLevel.IceLevel:PersistentLevel.StaticMeshActor_1
 |- Actor Package: /Game/__ExternalActors__/Maps/IceLevel/D/MB/PN8VV0TBHI022U9H3CC9Y3
 |- Actor Path: /Game/Maps/IceLevel.IceLevel:PersistentLevel.StaticMeshActor_UAID_047C16DA930033E701_1524661071
 |- Actor Package: /Game/__ExternalActors__/Maps/IceLevel/2/9X/42EYH65G4R57ERMYRDW8KT
 |- Actor Path: /Game/Maps/IceLevel.IceLevel:PersistentLevel.StaticMeshActor_UAID_047C16DA930034E701_1165352250
 |- Actor Package: /Game/__ExternalActors__/Maps/IceLevel/5/34/6XUXU6VIUUOG39DTCZO2QE
 |- Actor Path: /Game/Maps/IceLevel.IceLevel:PersistentLevel.StaticMeshActor_UAID_047C16DA930034E701_1281386251
 |- Actor Package: /Game/__ExternalActors__/Maps/IceLevel/3/IR/CHIHGCP63TVSERPYFQX4BT
 |- Actor Path: /Game/Maps/IceLevel.IceLevel:PersistentLevel.StaticMeshActor_UAID_047C16DA93004AE601_1555021063
 |- Actor Package: /Game/__ExternalActors__/Maps/IceLevel/D/IZ/CROZ97DPLHJWAURUC6JQ3K
 |- Actor Path: /Game/Maps/IceLevel.IceLevel:PersistentLevel.StaticMeshActor_UAID_047C16DA93004AE601_1577622064
 |- Actor Package: /Game/__ExternalActors__/Maps/IceLevel/A/F3/5I7IFOR4SB1OPD5FR3XUU4
 |- Actor Path: /Game/Maps/IceLevel.IceLevel:PersistentLevel.StaticMeshActor_UAID_047C16DA93004AE601_1604906065
 |- Actor Package: /Game/__ExternalActors__/Maps/IceLevel/8/8Y/PR9HAG0HLGWPCL2V2OTEFT
 |- Actor Path: /Game/Maps/IceLevel.IceLevel:PersistentLevel.StaticMeshActor_UAID_047C16DA93004AE601_1640364066
 |- Actor Package: /Game/__ExternalActors__/Maps/IceLevel/D/YP/HH5A0X61NSLJ1H3QQVWAR9
 |- Actor Path: /Game/Maps/IceLevel.IceLevel:PersistentLevel.StaticMeshActor_UAID_047C16DA93004AE601_2080191086
 |- Actor Package: /Game/__ExternalActors__/Maps/IceLevel/8/YW/DYM0S1F3S5JT50PUXUHECQ
 |- Actor Path: /Game/Maps/IceLevel.IceLevel:PersistentLevel.StaticMeshActor_UAID_047C16DA93004AE601_2144256087
 |- Actor Package: /Game/__ExternalActors__/Maps/IceLevel/D/IE/6748TTBO2CNTEXRUU7X0Z4
 |- Actor Path: /Game/Maps/IceLevel.IceLevel:PersistentLevel.StaticMeshActor_UAID_047C16DA93004BE601_1597279264
 |- Actor Package: /Game/__ExternalActors__/Maps/IceLevel/2/Y2/ZORV2WWM3GPB65E6SHXN34
 |- Actor Path: /Game/Maps/IceLevel.IceLevel:PersistentLevel.StaticMeshActor_UAID_047C16DA93004BE601_1841130268
 |- Actor Package: /Game/__ExternalActors__/Maps/IceLevel/8/W0/OFGJ3FAF593NRNLP1E6FOI
 |- Actor Path: /Game/Maps/IceLevel.IceLevel:PersistentLevel.StaticMeshActor_UAID_047C16DA93004BE601_1852128271
 |- Actor Package: /Game/__ExternalActors__/Maps/IceLevel/2/22/7SFK5BAS1YNA1L9B0Q07YL
 |- Actor Path: /Game/Maps/IceLevel.IceLevel:PersistentLevel.StaticMeshActor_UAID_047C16DA93004BE601_1858011274
 |- Actor Package: /Game/__ExternalActors__/Maps/IceLevel/B/2O/7W110GVIE14LRFQTGME6IE
 |- Actor Path: /Game/Maps/IceLevel.IceLevel:PersistentLevel.StaticMeshActor_UAID_047C16DA93004BE601_1866074277
 |- Actor Package: /Game/__ExternalActors__/Maps/IceLevel/D/63/980J0F40AGVX1XZGWKH8ER
 |- Actor Path: /Game/Maps/IceLevel.IceLevel:PersistentLevel.StaticMeshActor_UAID_047C16DA93004BE601_1870322280
 |- Actor Package: /Game/__ExternalActors__/Maps/IceLevel/3/R6/Q2W9AO7J3XUZMD1GT6G80Y
 |- Actor Path: /Game/Maps/IceLevel.IceLevel:PersistentLevel.StaticMeshActor_UAID_047C16DA93005EE301_2083275439
 |- Actor Package: /Game/__ExternalActors__/Maps/IceLevel/7/1E/2IDY2SWQTDGTE38GL2LOF2
 |- Actor Path: /Game/Maps/IceLevel.IceLevel:PersistentLevel.StaticMeshActor_UAID_047C16DA93005FE301_1118480616
 |- Actor Package: /Game/__ExternalActors__/Maps/IceLevel/9/AR/UVBCQ4Z30TAF11BAZIVTHY
 |- Actor Path: /Game/Maps/IceLevel.IceLevel:PersistentLevel.StaticMeshActor_UAID_047C16DA930062E301_1832862185
 |- Actor Package: /Game/__ExternalActors__/Maps/IceLevel/7/6K/P0LK08QRTQMG7L6ERQ2L8U
 |- Actor Path: /Game/Maps/IceLevel.IceLevel:PersistentLevel.StaticMeshActor_UAID_A4AE111137DC5EFB00_1110535423
 |- Actor Package: /Game/__ExternalActors__/Maps/IceLevel/3/1E/TLHJ95C9BYYN0TFJTTGX7P
 |- Actor Path: /Game/Maps/IceLevel.IceLevel:PersistentLevel.TundraCrystal_C_UAID_047C16DA93009CE601_1507941501
 |- Actor Package: /Game/__ExternalActors__/Maps/IceLevel/5/UQ/MYPEH51SJEWSYV5BN25SSU
 |- Actor Path: /Game/Maps/IceLevel.IceLevel:PersistentLevel.VolumetricCloud_0
 |- Actor Package: /Game/__ExternalActors__/Maps/IceLevel/1/AV/7PDKBQ9ZQWDJ8QT4AN2290
 |- Actor Path: /Game/Maps/IceLevel.IceLevel:PersistentLevel.WorldDataLayers
 |- Actor Package: /Game/__ExternalActors__/Maps/IceLevel/1/II/CMN76UJPJJTCS5ACYFFE0F
 |- Actor Path: /Game/Maps/IceLevel.IceLevel:PersistentLevel.WorldInfo_0
 |- Actor Package: /Game/Maps/IceLevel
 |- Actor Path: /Game/Maps/IceLevel.IceLevel:PersistentLevel.WorldPartitionMiniMap_0
 |- Actor Package: /Game/__ExternalActors__/Maps/IceLevel/3/DM/IWRVGJ97TSRZSS1HZ656WP

----------------------------------------------------------------------------------------------------------------
IceLevel - Runtime Spatial Hash - Streaming Grid - MainGrid
----------------------------------------------------------------------------------------------------------------
            Origin: X=0.000 Y=0.000 Z=0.000
         Cell Size: 12800
      World Bounds: IsValid=false, Min=(X=0.000 Y=0.000 Z=0.000), Max=(X=0.000 Y=0.000 Z=0.000)
     Loading Range: 25600.00
Block Slow Loading: No
 ClientOnlyVisible: No
            Origin: X=0.000 Y=0.000 Z=0.000

[+] Grid Levels: 1
 |- Level  0: Cell Count    0 | Cell Size   12800 | Actor Count    0 (0.0%)

[+] Content of Grid Level 0

